[2024-03-02 01:41:38] [1] [WARN] Reporting disabled: using no op test run registrar
[2024-03-02 01:41:38] [1] [INFO] TEST [WebTestAutomation - checkFilterFunction] STARTED at [22:41:38 2024-03-01]
[2024-03-02 01:41:38] [1] [INFO] Starting driver session...
[2024-03-02 01:41:38] [1] [INFO] Set Chrome language to: en
[2024-03-02 01:41:40] [1] [INFO] Driver session started.
[2024-03-02 01:41:40] [1] [INFO] INFO: opening url 'https://www.saucedemo.com/'
[2024-03-02 01:41:41] [1] [INFO] PASS: keys 'standard_user' are sent to element 'usernameInputField'.
[2024-03-02 01:41:42] [1] [INFO] PASS: keys 'secret_sauce' are sent to element 'passwordInputField'.
[2024-03-02 01:41:43] [1] [INFO] PASS: element 'loginButton' is clicked.
[2024-03-02 01:41:45] [1] [INFO] PASS: element 'filterButton' is clicked.
[2024-03-02 01:41:45] [1] [INFO] PASS: element 'priceLowToHigh' is clicked.
[2024-03-02 01:41:46] [1] [ERROR] TEST [WebTestAutomation - checkFilterFunction] FAILED at [22:41:46 2024-03-01] - List: PRICE_LOW_TO_HIGH is not in right order expected [true] but found [false]

org.testng.Assert.fail(Assert.java:110)
org.testng.Assert.failNotEquals(Assert.java:1577)
org.testng.Assert.assertTrue(Assert.java:56)
com.solvd.carina.demo.WebSwagLabsTest.verifyPriceOrder(WebSwagLabsTest.java:191)
com.solvd.carina.demo.WebSwagLabsTest.checkFilteredList(WebSwagLabsTest.java:169)
com.solvd.carina.demo.WebSwagLabsTest.checkFilterFunction(WebSwagLabsTest.java:149)
java.base/jdk.internal.reflect.DirectMethodHandleAccessor.invoke(DirectMethodHandleAccessor.java:103)
java.base/java.lang.reflect.Method.invoke(Method.java:580)
org.testng.internal.invokers.MethodInvocationHelper.invokeMethod(MethodInvocationHelper.java:139)
org.testng.internal.invokers.TestInvoker.invokeMethod(TestInvoker.java:677)
org.testng.internal.invokers.TestInvoker.invokeTestMethod(TestInvoker.java:221)
org.testng.internal.invokers.MethodRunner.runInSequence(MethodRunner.java:50)
org.testng.internal.invokers.TestInvoker$MethodInvocationAgent.invoke(TestInvoker.java:969)
org.testng.internal.invokers.TestInvoker.invokeTestMethods(TestInvoker.java:194)
org.testng.internal.invokers.TestMethodWorker.invokeTestMethods(TestMethodWorker.java:148)
org.testng.internal.invokers.TestMethodWorker.run(TestMethodWorker.java:128)
java.base/java.util.ArrayList.forEach(ArrayList.java:1596)
org.testng.TestRunner.privateRun(TestRunner.java:829)
org.testng.TestRunner.run(TestRunner.java:602)
org.testng.SuiteRunner.runTest(SuiteRunner.java:437)
org.testng.SuiteRunner.runSequentially(SuiteRunner.java:431)
org.testng.SuiteRunner.privateRun(SuiteRunner.java:391)
org.testng.SuiteRunner.run(SuiteRunner.java:330)
org.testng.SuiteRunnerWorker.runSuite(SuiteRunnerWorker.java:52)
org.testng.SuiteRunnerWorker.run(SuiteRunnerWorker.java:95)
org.testng.TestNG.runSuitesSequentially(TestNG.java:1256)
org.testng.TestNG.runSuitesLocally(TestNG.java:1176)
org.testng.TestNG.runSuites(TestNG.java:1099)
org.testng.TestNG.run(TestNG.java:1067)
com.intellij.rt.testng.IDEARemoteTestNG.run(IDEARemoteTestNG.java:66)
com.intellij.rt.testng.RemoteTestNGStarter.main(RemoteTestNGStarter.java:105)
