<div id='container' style='width: 98%; padding: 10px; margin: 0; background: #EBEBE0; color: #717171; font-family: Calibri;'><div id='summary'><h2 align='center' style='background-color: gray; color: white; padding: 10px; margin: 0;'>FAILED: Default Suite (temp-testng-customsuite.xml) - DEMO ( chrome)</h2><br><h2 style='clear: both; margin: 0;'>Summary:</h2><hr/><table style='width: 1000px;'><tr><td style='width: 100px;'>Environment:</td><td>DEMO - <a href='https://www.amazon.com/'>https://www.amazon.com/</a></td></tr><tr><td>Version:</td><td></td></tr><tr><td>Browser:</td><td>chrome</td></tr><tr><td>Finished:</td><td>16:03:33 2024-02-26</td></tr><tr class='pass' style='color: #66C266;'><td>Passed: </td><td>0</td></tr><tr class='fail' style='color: #FF5C33;'><td>Failed:</td><td>1</td></tr><tr class='skip' style='color: #FFD700;'><td>Skipped:</td><td>0</td></tr><tr><td>Success rate:</td><td>0%</td></tr></table></div><br><br><div id='results'><h2 style='margin: 0;'>Test results:</h2><hr/><table cellspacing='0' cellpadding='0' style='width: 100%;'><tr><th width='10%' align='center'>Result</th><th width='75%'>Test name</th><th width='10%'>Test files</th></tr><tr><td colspan='4' class='package' style='background: gray; border-style: solid; border-width: 1px; border-color: white; padding: 5px; color: white;'>com.solvd.carina.demo</td></tr><tr class='fail' style='background: #FF5C33;'><td align='center' style='border-style: solid; border-width: 1px; border-color: white; padding: 5px; color: white;'>FAILED</td><td style='border-style: solid; border-width: 1px; border-color: white; padding: 5px; color: white;'><span>WebTestAutomation - testDealsCarousel</span><div style="background:#ffcccc; color: black; padding: 5px; margin: 2px 0px 2px 0px;">invalid selector: Unable to locate an element with the xpath expression //a[@class='nav-a  ' and text()='Today's Deals'] because of the following error:<br/>SyntaxError: Failed to execute 'evaluate' on 'Document': The string '//a[@class='nav-a  ' and text()='Today's Deals']' is not a valid XPath expression.<br/>  (Session info: chrome=122.0.6261.69)<br/>For documentation on this error, please visit: https://selenium.dev/exceptions/#invalid_selector_exception<br/>Build info: version: '4.7.0', revision: '0a5b49d16f'<br/>System info: os.name: 'Windows 10', os.arch: 'amd64', os.version: '10.0', java.version: '21.0.2'<br/>Driver info: org.openqa.selenium.remote.RemoteWebDriver<br/>Command: [6a151d435cdd48d5263d276c58eaba10, findChildElements {id=3E2B74A6179CB90F26F4540700DDD9D0_element_50, using=xpath, value=//a[@class='nav-a  ' and text()='Today's Deals']}]<br/>Capabilities {acceptInsecureCerts: true, browserName: chrome, browserVersion: 122.0.6261.69, chrome: {chromedriverVersion: 121.0.6167.85 (3f98d690ad7e..., userDataDir: C:\Users\manue\AppData\Loca...}, fedcm:accounts: true, goog:chromeOptions: {debuggerAddress: localhost:52385}, networkConnectionEnabled: false, pageLoadStrategy: normal, platformName: Windows 10, proxy: Proxy(), se:bidiEnabled: false, se:cdp: ws://192.168.0.29:4444/sess..., se:cdpVersion: 122.0.6261.69, setWindowRect: true, strictFileInteractability: false, timeouts: {implicit: 0, pageLoad: 300000, script: 30000}, unhandledPromptBehavior: dismiss and notify, webauthn:extension:credBlob: true, webauthn:extension:largeBlob: true, webauthn:extension:minPinLength: true, webauthn:extension:prf: true, webauthn:virtualAuthenticators: true}<br/>Session ID: 6a151d435cdd48d5263d276c58eaba10<br/><br/>java.base/jdk.internal.reflect.DirectConstructorHandleAccessor.newInstance(DirectConstructorHandleAccessor.java:62)<br/>java.base/java.lang.reflect.Constructor.newInstanceWithCaller(Constructor.java:502)<br/>java.base/java.lang.reflect.Constructor.newInstance(Constructor.java:486)<br/>org.openqa.selenium.remote.codec.w3c.W3CHttpResponseCodec.createException(W3CHttp...</div></td><td align='center' style='border-style: solid; border-width: 1px; border-color: white; padding: 5px; color: white;'><a target='_blank' href='file://F:\Coding\JavaProjects\Solvd\WebTestAutomation\.\reports\1708974179676/b5b74ef1-a069-4465-a77e-6646ca10eee7/test.log' style='color: white;'>Logs</a><span> | </span><a target='_blank' href='file://F:\Coding\JavaProjects\Solvd\WebTestAutomation\.\reports\1708974179676/b5b74ef1-a069-4465-a77e-6646ca10eee7/report.html' style='color: white;'>Slides</a></td></tr></table></div></div>