[2024-03-07 04:21:29] [1] [INFO] TEST [WebTestAutomation - checkCartItems [L02]] STARTED at [13:21:29 2024-03-07]
[2024-03-07 04:21:29] [1] [INFO] Starting driver session...
[2024-03-07 04:21:29] [1] [INFO] Set Chrome language to: en
[2024-03-07 04:21:30] [1] [INFO] Driver session started.
[2024-03-07 04:21:30] [1] [ERROR] TEST [WebTestAutomation - checkCartItems [L02]] FAILED at [13:21:30 2024-03-07] - Getting the value of parameter 'api_url' as required failed: the value is missing.

com.zebrunner.carina.utils.config.Configuration.lambda$getRequired$1(Configuration.java:173)
java.base/java.util.Optional.orElseThrow(Optional.java:403)
com.zebrunner.carina.utils.config.Configuration.getRequired(Configuration.java:172)
com.zebrunner.carina.utils.config.Configuration.getRequired(Configuration.java:167)
com.solvd.carina.demo.WebPracticeQaTest.checkCartItems(WebPracticeQaTest.java:24)
java.base/jdk.internal.reflect.DirectMethodHandleAccessor.invoke(DirectMethodHandleAccessor.java:103)
java.base/java.lang.reflect.Method.invoke(Method.java:580)
org.testng.internal.invokers.MethodInvocationHelper.invokeMethod(MethodInvocationHelper.java:139)
org.testng.internal.invokers.TestInvoker.invokeMethod(TestInvoker.java:677)
org.testng.internal.invokers.TestInvoker.invokeTestMethod(TestInvoker.java:221)
org.testng.internal.invokers.MethodRunner.runInSequence(MethodRunner.java:50)
org.testng.internal.invokers.TestInvoker$MethodInvocationAgent.invoke(TestInvoker.java:969)
org.testng.internal.invokers.TestInvoker.invokeTestMethods(TestInvoker.java:194)
org.testng.internal.invokers.TestMethodWorker.invokeTestMethods(TestMethodWorker.java:148)
org.testng.internal.invokers.TestMethodWorker.run(TestMethodWorker.java:128)
java.base/java.util.ArrayList.forEach(ArrayList.java:1596)
org.testng.TestRunner.privateRun(TestRunner.java:829)
org.testng.TestRunner.run(TestRunner.java:602)
org.testng.SuiteRunner.runTest(SuiteRunner.java:437)
org.testng.SuiteRunner.runSequentially(SuiteRunner.java:431)
org.testng.SuiteRunner.privateRun(SuiteRunner.java:391)
org.testng.SuiteRunner.run(SuiteRunner.java:330)
org.testng.SuiteRunnerWorker.runSuite(SuiteRunnerWorker.java:52)
org.testng.SuiteRunnerWorker.run(SuiteRunnerWorker.java:95)
org.testng.TestNG.runSuitesSequentially(TestNG.java:1256)
org.testng.TestNG.runSuitesLocally(TestNG.java:1176)
org.testng.TestNG.runSuites(TestNG.java:1099)
org.testng.TestNG.run(TestNG.java:1067)
com.intellij.rt.testng.IDEARemoteTestNG.run(IDEARemoteTestNG.java:66)
com.intellij.rt.testng.RemoteTestNGStarter.main(RemoteTestNGStarter.java:105)
