<div id='container' style='width: 98%; padding: 10px; margin: 0; background: #EBEBE0; color: #717171; font-family: Calibri;'><div id='summary'><h2 align='center' style='background-color: gray; color: white; padding: 10px; margin: 0;'>FAILED: Default Suite (temp-testng-customsuite.xml) - DEMO ( chrome)</h2><br><h2 style='clear: both; margin: 0;'>Summary:</h2><hr/><table style='width: 1000px;'><tr><td style='width: 100px;'>Environment:</td><td>DEMO - <a href='https://www.automationexercise.com/'>https://www.automationexercise.com/</a></td></tr><tr><td>Version:</td><td></td></tr><tr><td>Browser:</td><td>chrome</td></tr><tr><td>Finished:</td><td>10:04:44 2024-03-07</td></tr><tr class='pass' style='color: #66C266;'><td>Passed: </td><td>0</td></tr><tr class='fail' style='color: #FF5C33;'><td>Failed:</td><td>2</td></tr><tr class='skip' style='color: #FFD700;'><td>Skipped:</td><td>0</td></tr><tr><td>Success rate:</td><td>0%</td></tr></table></div><br><br><div id='results'><h2 style='margin: 0;'>Test results:</h2><hr/><table cellspacing='0' cellpadding='0' style='width: 100%;'><tr><th width='10%' align='center'>Result</th><th width='75%'>Test name</th><th width='10%'>Test files</th></tr><tr><td colspan='4' class='package' style='background: gray; border-style: solid; border-width: 1px; border-color: white; padding: 5px; color: white;'>com.solvd.carina.demo</td></tr><tr class='fail' style='background: #FF5C33;'><td align='center' style='border-style: solid; border-width: 1px; border-color: white; padding: 5px; color: white;'>FAILED</td><td style='border-style: solid; border-width: 1px; border-color: white; padding: 5px; color: white;'><span>WebTestAutomation - checkCartItemAdded [L01]</span><div style="background:#ffcccc; color: black; padding: 5px; margin: 2px 0px 2px 0px;">expected [Rs.500] but found [Rs. 500]<br/><br/>org.testng.Assert.fail(Assert.java:110)<br/>org.testng.Assert.failNotEquals(Assert.java:1577)<br/>org.testng.Assert.assertEqualsImpl(Assert.java:149)<br/>org.testng.Assert.assertEquals(Assert.java:131)<br/>org.testng.Assert.assertEquals(Assert.java:655)<br/>org.testng.Assert.assertEquals(Assert.java:665)<br/>com.solvd.carina.demo.WebAutomationExerciseTest.checkCartItemAdded(WebAutomationExerciseTest.java:83)<br/>java.base/jdk.internal.reflect.DirectMethodHandleAccessor.invoke(DirectMethodHandleAccessor.java:103)<br/>java.base/java.lang.reflect.Method.invoke(Method.java:580)<br/>org.testng.internal.invokers.MethodInvocationHelper.invokeMethod(MethodInvocationHelper.java:139)<br/>org.testng.internal.invokers.TestInvoker.invokeMethod(TestInvoker.java:677)<br/>org.testng.internal.invokers.TestInvoker.invokeTestMethod(TestInvoker.java:221)<br/>org.testng.internal.invokers.MethodRunner.runInSequence(MethodRunner.java:50)<br/>org.testng.internal.invokers.TestInvoker$MethodInvocationAgent.invoke(TestInvoker.java:969)<br/>org.testng.internal.invokers.TestInvoker.invokeTestMethods(TestInvoker.java:194)<br/>org.testng.internal.invokers.TestMethodWorker.invokeTestMethods(TestMethodWorker.java:148)<br/>org.testng.internal.invokers.TestMethodWorker.run(TestMethodWorker.java:128)<br/>java.base/java.util.ArrayList.forEach(ArrayList.java:1596)<br/>org.testng.TestRunner.privateRun(TestRunner.java:829)<br/>org.testng.TestRunner.run(TestRunner.java:602)<br/>org.testng.SuiteRunner.runTest(SuiteRunner.java:437)<br/>org.testng.SuiteRunner.runSequentially(SuiteRunner.java:431)<br/>org.testng.SuiteRunner.privateRun(SuiteRunner.java:391)<br/>org.testng.SuiteRunner.run(SuiteRunner.java:330)<br/>org.testng.SuiteRunnerWorker.runSuite(SuiteRunnerWorker.java:52)<br/>org.testng.SuiteRunnerWorker.run(SuiteRunnerWorker.java:95)<br/>org.testng.TestNG.runSuitesSequentially(TestNG.java:1256)<br/>org.testng.TestNG.runSuitesLocally(TestNG.java:1176)<br/>org.testng.TestNG.runSuites(TestNG.java:1099)<br/>org.testng.TestNG.run(TestNG.java:1067)<br/>com.intellij.rt.testng.IDEARemoteTestNG.run(IDEARemoteTestNG.java:66)<br/>com.intellij.rt....</div></td><td align='center' style='border-style: solid; border-width: 1px; border-color: white; padding: 5px; color: white;'><a target='_blank' href='file://F:\Coding\JavaProjects\Solvd\WebTestAutomation\.\reports\1709816662447/aa6f46d3-5fee-4d65-9ab8-f6a115961e8f/test.log' style='color: white;'>Logs</a><span> | </span><a target='_blank' href='file://F:\Coding\JavaProjects\Solvd\WebTestAutomation\.\reports\1709816662447/aa6f46d3-5fee-4d65-9ab8-f6a115961e8f/report.html' style='color: white;'>Slides</a></td></tr><tr class='fail' style='background: #FF5C33;'><td align='center' style='border-style: solid; border-width: 1px; border-color: white; padding: 5px; color: white;'>FAILED</td><td style='border-style: solid; border-width: 1px; border-color: white; padding: 5px; color: white;'><span>WebTestAutomation - checkCartItemAdded [L02]</span><div style="background:#ffcccc; color: black; padding: 5px; margin: 2px 0px 2px 0px;">element click intercepted: Element &lt;a data-product-id=&quot;2&quot; class=&quot;btn btn-default add-to-cart&quot;&gt;...&lt;/a&gt; is not clickable at point (1105, 900). Other element would receive the click: &lt;iframe id=&quot;aswift_9&quot; name=&quot;aswift_9&quot; style=&quot;width: 1005px !important; height: 124px !important; display: block; margin: 0px auto;&quot; sandbox=&quot;allow-forms allow-popups allow-popups-to-escape-sandbox allow-same-origin allow-scripts allow-top-navigation-by-user-activation&quot; width=&quot;1005&quot; height=&quot;124&quot; frameborder=&quot;0&quot; marginwidth=&quot;0&quot; marginheight=&quot;0&quot; vspace=&quot;0&quot; hspace=&quot;0&quot; allowtransparency=&quot;true&quot; scrolling=&quot;no&quot; src=&quot;https://googleads.g.doubleclick.net/pagead/html/r20240306/r20110914/zrt_lookup_nohtml_fy2021.html#RS-3-&amp;amp;adk=1812271801&amp;amp;client=ca-pub-1677597403311019&amp;amp;fa=1&amp;amp;ifi=10&amp;amp;uci=a!a&amp;amp;btvi=4&quot; data-google-container-id=&quot;a!a&quot; data-google-query-id=&quot;CJK24r-b4oQDFZiG7gEdYDcMWg&quot; data-load-complete=&quot;true&quot;&gt;&lt;/iframe&gt;<br/>  (Session info: chrome=122.0.6261.96)<br/>Build info: version: '4.7.0', revision: '0a5b49d16f'<br/>System info: os.name: 'Windows 10', os.arch: 'amd64', os.version: '10.0', java.version: '21.0.2'<br/>Driver info: org.openqa.selenium.remote.RemoteWebDriver<br/>Command: [b7d7cad4e87569dff6e308d4b2e99bb6, clickElement {id=5ABEEF4AB4AA12DF47D49C853CEC96B2_element_50}]<br/>Capabilities {acceptInsecureCerts: true, browserName: chrome, browserVersion: 122.0.6261.96, chrome: {chromedriverVersion: 121.0.6167.85 (3f98d690ad7e..., userDataDir: C:\Users\manue\AppData\Loca...}, fedcm:accounts: true, goog:chromeOptions: {debuggerAddress: localhost:59087}, networkConnectionEnabled: false, pageLoadStrategy: normal, platformName: Windows 10, proxy: Proxy(), se:bidiEnabled: false, se:cdp: ws://192.168.0.29:4444/sess..., se:cdpVersion: 122.0.6261.96, setWindowRect: true, strictFileInteractability: false, timeouts: {implicit: 0, pageLoad: 300000, script: 30000}, unhandledPromptBehavior: dismiss and notify, webauthn:extension:credBlob: true, webauthn:extension:largeBlob: true, webauthn:extension:minPinLength: true, webauthn:extension:prf: true, webauthn:virtu...</div></td><td align='center' style='border-style: solid; border-width: 1px; border-color: white; padding: 5px; color: white;'><a target='_blank' href='file://F:\Coding\JavaProjects\Solvd\WebTestAutomation\.\reports\1709816662447/7aacf14e-e302-4c24-bd12-ffd0c524afa5/test.log' style='color: white;'>Logs</a><span> | </span><a target='_blank' href='file://F:\Coding\JavaProjects\Solvd\WebTestAutomation\.\reports\1709816662447/7aacf14e-e302-4c24-bd12-ffd0c524afa5/report.html' style='color: white;'>Slides</a></td></tr></table></div></div>